▲ Next.js 16.2.3 (Turbopack)
- Environments: .env.local

  Creating an optimized production build ...
✓ Compiled successfully in 110s
  Skipping validation of types
  Finished TypeScript config validation in 26ms ...
  Collecting page data using 11 workers ...
  Generating static pages using 11 workers (0/1505) ...
  Generating static pages using 11 workers (376/1505) 
  Generating static pages using 11 workers (752/1505) 
  Generating static pages using 11 workers (1128/1505) 
✓ Generating static pages using 11 workers (1505/1505) in 9.9s
  Finalizing page optimization ...

Route (app)
┌ ○ /
├ ○ /_not-found
├ ○ /absence-tracking
├ ○ /accident-book
├ ○ /activities
├ ○ /activity-log
├ ○ /admissions
├ ○ /admissions/workflow
├ ○ /adoption-support-records
├ ○ /advocacy
├ ○ /after-care
├ ○ /after-school-club-tracker
├ ○ /agency-staff-feedback
├ ○ /agency-staff-induction
├ ○ /agency-staff-log
├ ○ /annex-a
├ ○ /annual-development-reviews
├ ○ /annual-health-assessment
├ ○ /annual-outcomes-report
├ ƒ /api/activities
├ ƒ /api/admissions
├ ƒ /api/admissions-matching
├ ƒ /api/advocacy-representation
├ ƒ /api/after-care-support-quality
├ ƒ /api/aftercare-outcomes-tracking
├ ƒ /api/allegations
├ ƒ /api/allergen-dietary-management
├ ƒ /api/annual-development-review
├ ƒ /api/anti-bullying-effectiveness
├ ƒ /api/aria-learning
├ ƒ /api/aria-learning-intelligence
├ ƒ /api/aria-studio/approve
├ ƒ /api/aria-studio/artifacts
├ ƒ /api/aria-studio/artifacts/[id]
├ ƒ /api/aria-studio/audit
├ ƒ /api/aria-studio/care-graph
├ ƒ /api/aria-studio/child-voice
├ ƒ /api/aria-studio/commit
├ ƒ /api/aria-studio/contradictions
├ ƒ /api/aria-studio/decision-support
├ ƒ /api/aria-studio/early-warnings
├ ƒ /api/aria-studio/filing-cabinet
├ ƒ /api/aria-studio/formulations
├ ƒ /api/aria-studio/gaps
├ ƒ /api/aria-studio/generate
├ ƒ /api/aria-studio/home-dynamics
├ ƒ /api/aria-studio/learning-pathways
├ ƒ /api/aria-studio/library
├ ƒ /api/aria-studio/outcome-loop
├ ƒ /api/aria-studio/quality-check
├ ƒ /api/aria-studio/role-output
├ ƒ /api/aria-studio/safeguarding-patterns
├ ƒ /api/aria-studio/sources
├ ƒ /api/aria/activities
├ ƒ /api/aria/activity
├ ƒ /api/aria/approval/approve
├ ƒ /api/aria/approval/reject
├ ƒ /api/aria/approval/submit
├ ƒ /api/aria/approve
├ ƒ /api/aria/ask
├ ƒ /api/aria/audit
├ ƒ /api/aria/chat
├ ƒ /api/aria/complaints
├ ƒ /api/aria/contact
├ ƒ /api/aria/context-links
├ ƒ /api/aria/costs
├ ƒ /api/aria/create-tasks
├ ƒ /api/aria/cross-home
├ ƒ /api/aria/dashboard
├ ƒ /api/aria/document-analyse
├ ƒ /api/aria/document-compare
├ ƒ /api/aria/education
├ ƒ /api/aria/education-engagement
├ ƒ /api/aria/emotional-wellbeing
├ ƒ /api/aria/evidence/search
├ ƒ /api/aria/execute
├ ƒ /api/aria/family-contact
├ ƒ /api/aria/feedback
├ ƒ /api/aria/generate
├ ƒ /api/aria/golden-thread-analysis
├ ƒ /api/aria/handover-generate
├ ƒ /api/aria/health
├ ƒ /api/aria/health-appointments
├ ƒ /api/aria/history
├ ƒ /api/aria/incident-analysis
├ ƒ /api/aria/incident-review
├ ƒ /api/aria/independence
├ ƒ /api/aria/insights
├ ƒ /api/aria/key-work-quality
├ ƒ /api/aria/keyworking
├ ƒ /api/aria/management-oversight
├ ƒ /api/aria/medication-intelligence
├ ƒ /api/aria/missing-episodes
├ ƒ /api/aria/mock-inspection/start
├ ƒ /api/aria/ofsted-readiness
├ ƒ /api/aria/orchestrate
├ ƒ /api/aria/orchestrate/approve
├ ƒ /api/aria/orchestrate/feedback
├ ƒ /api/aria/orchestrate/search
├ ƒ /api/aria/outcome-tracker
├ ƒ /api/aria/oversight-intelligence
├ ƒ /api/aria/pattern-detection
├ ƒ /api/aria/pending
├ ƒ /api/aria/placement-stability
├ ƒ /api/aria/providers
├ ƒ /api/aria/providers/test
├ ƒ /api/aria/qa/review
├ ƒ /api/aria/recording-quality
├ ƒ /api/aria/regulatory-pulse
├ ƒ /api/aria/reports/[id]
├ ƒ /api/aria/reports/[id]/actions
├ ƒ /api/aria/reports/[id]/approve
├ ƒ /api/aria/reports/[id]/challenge
├ ƒ /api/aria/reports/[id]/file
├ ƒ /api/aria/reports/[id]/lock
├ ƒ /api/aria/reports/[id]/reg45
├ ƒ /api/aria/reports/[id]/rewrite
├ ƒ /api/aria/reports/generate
├ ƒ /api/aria/reports/list
├ ƒ /api/aria/review
├ ƒ /api/aria/rewrite
├ ƒ /api/aria/rota-intelligence
├ ƒ /api/aria/route
├ ƒ /api/aria/safeguarding
├ ƒ /api/aria/sanctions-rewards
├ ƒ /api/aria/shift-safety
├ ƒ /api/aria/signals/generate
├ ƒ /api/aria/sleep-patterns
├ ƒ /api/aria/staffing-adequacy
├ ƒ /api/aria/studio/generate
├ ƒ /api/aria/suggest-actions
├ ƒ /api/aria/suggestions
├ ƒ /api/aria/suggestions/[id]
├ ƒ /api/aria/suggestions/[id]/audit
├ ƒ /api/aria/suggestions/oversight-draft
├ ƒ /api/aria/summarise
├ ƒ /api/aria/supervision-intelligence
├ ƒ /api/aria/system-health
├ ƒ /api/aria/today-briefing
├ ƒ /api/aria/training-compliance
├ ƒ /api/aria/transcribe
├ ƒ /api/aria/usage
├ ƒ /api/aria/voice-history
├ ƒ /api/aria/voice-of-child
├ ƒ /api/aria/voice-process
├ ƒ /api/aria/voice-save
├ ƒ /api/aria/write-to-child
├ ƒ /api/attachment-relationships
├ ƒ /api/behaviour
├ ƒ /api/behaviour-intelligence
├ ƒ /api/bereavement-loss-support
├ ƒ /api/body-map-protocol
├ ƒ /api/care-planning
├ ƒ /api/care-planning-intelligence
├ ƒ /api/child-exploitation-prevention
├ ƒ /api/child-exploitation-prevention-intelligence
├ ƒ /api/children-fund-management
├ ƒ /api/children-outcomes
├ ƒ /api/children-outcomes-intelligence
├ ƒ /api/childrens-rights
├ ƒ /api/clothing-appearance-provision
├ ƒ /api/communication-accessibility
├ ƒ /api/community-engagement-participation
├ ƒ /api/community-integration
├ ƒ /api/complaint-resolution-effectiveness
├ ƒ /api/complaints
├ ƒ /api/complaints-advocacy-access
├ ƒ /api/complaints-feedback
├ ƒ /api/complaints-feedback-quality
├ ƒ /api/conflict-resolution-management
├ ƒ /api/consent-management
├ ƒ /api/contact
├ ƒ /api/contextual-safeguarding
├ ƒ /api/contextual-safeguarding-intelligence
├ ƒ /api/court-order-compliance
├ ƒ /api/creative-arts-expression
├ ƒ /api/critical-incident-review
├ ƒ /api/cultural-identity-celebration
├ ƒ /api/cultural-identity-support
├ ƒ /api/culture-identity
├ ƒ /api/daily-log
├ ƒ /api/data-protection
├ ƒ /api/delegated-authority
├ ƒ /api/dental-health-monitoring
├ ƒ /api/deprivation-of-liberty
├ ƒ /api/digital-literacy
├ ƒ /api/digital-literacy-development
├ ƒ /api/disability-reasonable-adjustments
├ ƒ /api/education
├ ƒ /api/education-achievement
├ ƒ /api/education-attainment-progress
├ ƒ /api/education-outcomes
├ ƒ /api/emergency-preparedness
├ ƒ /api/emotional-regulation-development
├ ƒ /api/emotional-regulation-support
├ ƒ /api/environment
├ ƒ /api/environmental-quality
├ ƒ /api/environmental-risk-compliance
├ ƒ /api/environmental-sustainability
├ ƒ /api/environmental-sustainability-awareness
├ ƒ /api/equality-diversity
├ ƒ /api/escalation-intelligence
├ ƒ /api/escalation-threshold-intelligence
├ ƒ /api/exclusion-disruption-management
├ ƒ /api/family-contact
├ ƒ /api/family-contact-quality
├ ƒ /api/filing-cabinet
├ ƒ /api/filing-cabinet-intelligence
├ ƒ /api/financial-stewardship
├ ƒ /api/fire-safety
├ ƒ /api/fire-safety-preparedness
├ ƒ /api/food-nutrition-quality
├ ƒ /api/governance
├ ƒ /api/handover
├ ƒ /api/handover-communication-quality
├ ƒ /api/health
├ ƒ /api/health-intelligence
├ ƒ /api/health-screening-compliance
├ ƒ /api/home-atmosphere-ethos
├ ƒ /api/home-intelligence
├ ƒ /api/home-matching-impact
├ ƒ /api/homework-academic-support
├ ƒ /api/homework-learning-support
├ ƒ /api/homework-study-support
├ ƒ /api/house-meetings
├ ƒ /api/hr-files
├ ƒ /api/hr-files-intelligence
├ ƒ /api/hr/cases
├ ƒ /api/hr/letters
├ ƒ /api/hr/process-guardian
├ ƒ /api/hr/safer-recruitment
├ ƒ /api/hr/suspension-decision
├ ƒ /api/hr/workforce
├ ƒ /api/hygiene-personal-care
├ ƒ /api/incident-pattern-analysis
├ ƒ /api/incidents
├ ƒ /api/independence
├ ƒ /api/independence-life-skills
├ ƒ /api/independent-living-skills
├ ƒ /api/independent-visitor-advocacy
├ ƒ /api/inspection
├ ƒ /api/intelligence/aria-suggestions
├ ƒ /api/intelligence/attention-items
├ ƒ /api/intelligence/competence
├ ƒ /api/intelligence/evidence
├ ƒ /api/intelligence/evidence-gaps
├ ƒ /api/intelligence/hr-inspection
├ ƒ /api/intelligence/hr-risk
├ ƒ /api/intelligence/humanised-oversight
├ ƒ /api/intelligence/learning-review
├ ƒ /api/intelligence/oversight
├ ƒ /api/intelligence/progress
├ ƒ /api/intelligence/reg44
├ ƒ /api/intelligence/reg44-actions
├ ƒ /api/intelligence/reg45
├ ƒ /api/intelligence/reg45-evidence
├ ƒ /api/intelligence/smart-links
├ ƒ /api/intelligence/voice
├ ƒ /api/internet-safety-monitoring
├ ƒ /api/key-worker
├ ƒ /api/key-worker-relationship
├ ƒ /api/key-worker-relationship-quality
├ ƒ /api/key-working
├ ƒ /api/key-working-effectiveness
├ ƒ /api/lac-review
├ ƒ /api/language-communication-support
├ ƒ /api/leaving-care
├ ƒ /api/leaving-care-intelligence
├ ƒ /api/lessons-learned
├ ƒ /api/lessons-learned-intelligence
├ ƒ /api/life-story
├ ƒ /api/life-story-work
├ ƒ /api/location-assessment
├ ƒ /api/management-oversight
├ ƒ /api/medication
├ ƒ /api/medication-adherence-monitoring
├ ƒ /api/medication-error-prevention
├ ƒ /api/medication-management
├ ƒ /api/mental-health-wellbeing
├ ƒ /api/menu-planning-nutrition
├ ƒ /api/missing-absent-episodes
├ ƒ /api/missing-from-care
├ ƒ /api/missing-from-care-intelligence
├ ƒ /api/morning-routine-preparation
├ ƒ /api/multi-agency
├ ƒ /api/multi-agency-effectiveness
├ ƒ /api/multi-agency-intelligence
├ ƒ /api/multi-agency-partnership
├ ƒ /api/night-care
├ ƒ /api/night-monitoring
├ ƒ /api/night-monitoring-intelligence
├ ƒ /api/night-supervision-quality
├ ƒ /api/notifiable-events
├ ƒ /api/notifiable-events-intelligence
├ ƒ /api/notification-timeliness
├ ƒ /api/nutrition
├ ƒ /api/nutrition-healthy-living
├ ƒ /api/nutrition-hydration-monitoring
├ ƒ /api/ofsted-readiness
├ ƒ /api/online-safety
├ ƒ /api/operations/activity-planning
├ ƒ /api/operations/admission-assessments
├ ƒ /api/operations/admissions
├ ƒ /api/operations/admissions/[id]
├ ƒ /api/operations/advocacy
├ ƒ /api/operations/advocacy-representation
├ ƒ /api/operations/allegation-management
├ ƒ /api/operations/animal-nature-therapy
├ ƒ /api/operations/anti-bullying
├ ƒ /api/operations/appraisals
├ ƒ /api/operations/apprenticeship-tracking
├ ƒ /api/operations/arrival-settling-experience
├ ƒ /api/operations/attachment-relationships
├ ƒ /api/operations/audit
├ ƒ /api/operations/bedroom-audits
├ ƒ /api/operations/behaviour
├ ƒ /api/operations/behaviour-pattern-analysis
├ ƒ /api/operations/behaviour-support-plans
├ ƒ /api/operations/benefit-entitlement-support
├ ƒ /api/operations/birth-family-contact-support
├ ƒ /api/operations/body-maps
├ ƒ /api/operations/boundary-management
├ ƒ /api/operations/budgeting-financial-literacy
├ ƒ /api/operations/building-security
├ ƒ /api/operations/business-continuity
├ ƒ /api/operations/care-planning
├ ƒ /api/operations/career-guidance
├ ƒ /api/operations/cctv-surveillance
├ ƒ /api/operations/celebration-gifts
├ ƒ /api/operations/celebration-milestones
├ ƒ /api/operations/child-bereavement-support
├ ƒ /api/operations/child-criminal-exploitation-risk
├ ƒ /api/operations/child-development-milestone
├ ƒ /api/operations/child-digital-wellbeing
├ ƒ /api/operations/child-exploitation-screening
├ ƒ /api/operations/child-fgm-risk-assessment
├ ƒ /api/operations/child-forced-marriage-risk
├ ƒ /api/operations/child-gangs-affiliation-risk
├ ƒ /api/operations/child-honour-based-abuse-risk
├ ƒ /api/operations/child-modern-slavery-risk
├ ƒ /api/operations/child-nutrition-weight-monitoring
├ ƒ /api/operations/child-online-safety-monitoring
├ ƒ /api/operations/child-radicalisation-prevention
├ ƒ /api/operations/child-radicalisation-risk
├ ƒ /api/operations/child-risk-assessment-reviews
├ ƒ /api/operations/child-sexual-exploitation-risk
├ ƒ /api/operations/child-substance-misuse-screening
├ ƒ /api/operations/child-trafficking-risk
├ ƒ /api/operations/child-voice-participation-tracking
├ ƒ /api/operations/child-wellbeing-checkin
├ ƒ /api/operations/childrens-absences
├ ƒ /api/operations/childrens-achievements
├ ƒ /api/operations/childrens-aspirations-goals
├ ƒ /api/operations/childrens-feedback
├ ƒ /api/operations/childrens-fund-management
├ ƒ /api/operations/childrens-guide
├ ƒ /api/operations/childrens-meetings
├ ƒ /api/operations/childrens-participation
├ ƒ /api/operations/childrens-pocket-money-audit
├ ƒ /api/operations/childrens-progress-tracking
├ ƒ /api/operations/childrens-rights
├ ƒ /api/operations/childrens-therapy-sessions
├ ƒ /api/operations/childrens-wishes-feelings
├ ƒ /api/operations/cleaning-schedule
├ ƒ /api/operations/clothing-allowance
├ ƒ /api/operations/commissioning-referrals
├ ƒ /api/operations/communal-area-audits
├ ƒ /api/operations/communications
├ ƒ /api/operations/community-links-integration
├ ƒ /api/operations/competency
├ ƒ /api/operations/complaint-resolution-tracking
├ ƒ /api/operations/complaints
├ ƒ /api/operations/complaints-investigation
├ ƒ /api/operations/compliance-certificate
├ ƒ /api/operations/consent-capacity-monitoring
├ ƒ /api/operations/consent-management
├ ƒ /api/operations/contact
├ ƒ /api/operations/contact-monitoring
├ ƒ /api/operations/contact-supervision
├ ƒ /api/operations/contextual-safeguarding
├ ƒ /api/operations/county-lines-intelligence
├ ƒ /api/operations/court-proceedings
├ ƒ /api/operations/creative-arts-activities
├ ƒ /api/operations/creative-enrichment-activities
├ ƒ /api/operations/cultural-identity
├ ƒ /api/operations/cultural-identity-support
├ ƒ /api/operations/daily-records
├ ƒ /api/operations/daily-routines
├ ƒ /api/operations/data-protection
├ ƒ /api/operations/delegated-authority
├ ƒ /api/operations/dental-optical-health
├ ƒ /api/operations/deprivation-of-liberty
├ ƒ /api/operations/device-screen-time-monitoring
├ ƒ /api/operations/digital-wellbeing
├ ƒ /api/operations/discharge-transition
├ ƒ /api/operations/diversity-inclusion
├ ƒ /api/operations/driving-independence
├ ƒ /api/operations/duty-of-candour
├ ƒ /api/operations/eating-disorder-support
├ ƒ /api/operations/education
├ ƒ /api/operations/education-attendance-tracking
├ ƒ /api/operations/ehcp-send-monitoring
├ ƒ /api/operations/emergency
├ ƒ /api/operations/emergency-admissions
├ ƒ /api/operations/emergency-drills
├ ƒ /api/operations/emergency-placements
├ ƒ /api/operations/emotional-wellbeing-outcome
├ ƒ /api/operations/environmental-audits
├ ƒ /api/operations/environmental-impact-assessment
├ ƒ /api/operations/environmental-safety
├ ƒ /api/operations/equality-diversity-monitoring
├ ƒ /api/operations/equality-human-rights
├ ƒ /api/operations/evidence
├ ƒ /api/operations/faith-spiritual-observance
├ ƒ /api/operations/family-contact-arrangements
├ ƒ /api/operations/family-engagement
├ ƒ /api/operations/family-engagement-tracking
├ ƒ /api/operations/family-reunification
├ ƒ /api/operations/finance
├ ƒ /api/operations/financial-literacy-savings
├ ƒ /api/operations/fire-safety
├ ƒ /api/operations/first-aid-medical-emergency
├ ƒ /api/operations/food-nutrition
├ ƒ /api/operations/forms
├ ƒ /api/operations/forms/[id]
├ ƒ /api/operations/forms/[id]/review
├ ƒ /api/operations/forms/[id]/submit
├ ƒ /api/operations/garden-horticulture-activities
├ ƒ /api/operations/gifts-hospitality
├ ƒ /api/operations/handovers
├ ƒ /api/operations/harmful-sexual-behaviour
├ ƒ /api/operations/health
├ ƒ /api/operations/health-appointments
├ ƒ /api/operations/health-screening-immunisation
├ ƒ /api/operations/healthy-eating-cooking-skills
├ ƒ /api/operations/higher-education-support
├ ƒ /api/operations/holiday-trip-planning
├ ƒ /api/operations/holiday-trips
├ ƒ /api/operations/home-accessibility-assessment
├ ƒ /api/operations/home-asbestos-management
├ ƒ /api/operations/home-atmosphere-assessment
├ ƒ /api/operations/home-cctv-compliance
├ ƒ /api/operations/home-closure-planning
├ ƒ /api/operations/home-decoration-personalisation
├ ƒ /api/operations/home-electrical-safety
├ ƒ /api/operations/home-emergency-lighting
├ ƒ /api/operations/home-energy-efficiency
├ ƒ /api/operations/home-environment-inspection
├ ƒ /api/operations/home-fire-risk-assessment
├ ƒ /api/operations/home-gas-safety
├ ƒ /api/operations/home-improvements
├ ƒ /api/operations/home-insurance-compliance
├ ƒ /api/operations/home-legionella-risk-assessment
├ ƒ /api/operations/home-lift-equipment-safety
├ ƒ /api/operations/home-pest-control-management
├ ƒ /api/operations/home-radon-testing
├ ƒ /api/operations/home-waste-management
├ ƒ /api/operations/home-water-hygiene-management
├ ƒ /api/operations/homework-academic-support
├ ƒ /api/operations/immigration-legal-support
├ ƒ /api/operations/impact-risk-assessment
├ ƒ /api/operations/incident-analytics
├ ƒ /api/operations/independence-preparation
├ ƒ /api/operations/independent-visitors
├ ƒ /api/operations/individual-risk-assessments
├ ƒ /api/operations/infection-control
├ ƒ /api/operations/intelligence
├ ƒ /api/operations/internet-usage-monitoring
├ ƒ /api/operations/key-document-support
├ ƒ /api/operations/key-documents
├ ƒ /api/operations/key-holding
├ ƒ /api/operations/key-work
├ ƒ /api/operations/key-worker-allocation
├ ƒ /api/operations/keyworker-sessions
├ ƒ /api/operations/knife-weapon-safety
├ ƒ /api/operations/kpi-tracking
├ ƒ /api/operations/lac-health-assessment
├ ƒ /api/operations/lac-reviews
├ ƒ /api/operations/language-communication
├ ƒ /api/operations/language-support-communication
├ ƒ /api/operations/laundry-clothing
├ ƒ /api/operations/leaving-care
├ ƒ /api/operations/legal-status
├ ƒ /api/operations/leisure-recreation-activities
├ ƒ /api/operations/letterbox-contact
├ ƒ /api/operations/life-skills
├ ƒ /api/operations/life-story-work
├ ƒ /api/operations/maintenance-repairs
├ ƒ /api/operations/matching-referral
├ ƒ /api/operations/mealtimes-nutrition
├ ƒ /api/operations/medication
├ ƒ /api/operations/medication-administration
├ ƒ /api/operations/medication-audits
├ ƒ /api/operations/medication-consent
├ ƒ /api/operations/medication-effectiveness-review
├ ƒ /api/operations/medication-errors
├ ƒ /api/operations/medication-incident-reporting
├ ƒ /api/operations/medication-side-effects
├ ƒ /api/operations/medication-storage
├ ƒ /api/operations/meetings
├ ƒ /api/operations/menu-planning-dietary
├ ƒ /api/operations/missing
├ ƒ /api/operations/missing-person-risk
├ ƒ /api/operations/multi-agency
├ ƒ /api/operations/neurodiversity-support
├ ƒ /api/operations/night-monitoring
├ ƒ /api/operations/night-waking-monitoring
├ ƒ /api/operations/notifiable-events
├ ƒ /api/operations/notifications-register
├ ƒ /api/operations/ofsted-action-plans
├ ƒ /api/operations/ofsted-inspection-readiness
├ ƒ /api/operations/online-safety
├ ƒ /api/operations/outcomes
├ ƒ /api/operations/outdoor-adventure-activities
├ ƒ /api/operations/outdoor-spaces-play-areas
├ ƒ /api/operations/oversight
├ ƒ /api/operations/panel-decisions
├ ƒ /api/operations/parental-contact-arrangement
├ ƒ /api/operations/parental-responsibility
├ ƒ /api/operations/peer-mentoring
├ ƒ /api/operations/peer-relationship-assessment
├ ƒ /api/operations/personal-hygiene
├ ƒ /api/operations/pest-control
├ ƒ /api/operations/pet-care-responsibility
├ ƒ /api/operations/physical-activity-tracking
├ ƒ /api/operations/placement
├ ƒ /api/operations/placement-matching-assessment
├ ƒ /api/operations/placement-stability
├ ƒ /api/operations/pocket-money
├ ƒ /api/operations/pocket-money-management
├ ƒ /api/operations/pocket-money-savings
├ ƒ /api/operations/policies
├ ƒ /api/operations/positive-behaviour-reinforcement
├ ƒ /api/operations/positive-handling
├ ƒ /api/operations/positive-relationships
├ ƒ /api/operations/possessions
├ ƒ /api/operations/practice-learning
├ ƒ /api/operations/premises
├ ƒ /api/operations/privacy-dignity-monitoring
├ ƒ /api/operations/professional-consultations
├ ƒ /api/operations/professional-development
├ ƒ /api/operations/professional-network-directory
├ ƒ /api/operations/provider-visits
├ ƒ /api/operations/quality-assurance
├ ƒ /api/operations/quality-of-care-review
├ ƒ /api/operations/records-management
├ ƒ /api/operations/reg44-independent-visitor
├ ƒ /api/operations/reg45-reports
├ ƒ /api/operations/regulatory-reports
├ ƒ /api/operations/relationship-education-safety
├ ƒ /api/operations/religious-cultural-observance
├ ƒ /api/operations/respite-arrangements
├ ƒ /api/operations/respite-short-breaks
├ ƒ /api/operations/restorative-justice-practice
├ ƒ /api/operations/restorative-practice
├ ƒ /api/operations/restraint
├ ƒ /api/operations/restraint-debriefs
├ ƒ /api/operations/risk-assessments
├ ƒ /api/operations/risk-register
├ ƒ /api/operations/room-sharing-assessment
├ ƒ /api/operations/room-temperature
├ ƒ /api/operations/rota
├ ƒ /api/operations/safeguarding
├ ƒ /api/operations/safeguarding-partnership
├ ƒ /api/operations/safeguarding-referrals
├ ƒ /api/operations/safer-recruitment
├ ƒ /api/operations/sanctions-rewards
├ ƒ /api/operations/sccif
├ ƒ /api/operations/secure-storage
├ ƒ /api/operations/self-esteem-confidence-building
├ ƒ /api/operations/self-harm-prevention-planning
├ ƒ /api/operations/self-harm-risk-monitoring
├ ƒ /api/operations/sensory-profiles
├ ƒ /api/operations/settings
├ ƒ /api/operations/sexual-health-education
├ ƒ /api/operations/shift-handover-quality
├ ƒ /api/operations/sibling-contact-quality
├ ƒ /api/operations/significant-events
├ ƒ /api/operations/sleep-disturbance-intervention
├ ƒ /api/operations/sleep-patterns
├ ƒ /api/operations/sleep-quality-assessment
├ ƒ /api/operations/sleep-support
├ ƒ /api/operations/smoking-vaping-management
├ ƒ /api/operations/social-skills-development
├ ƒ /api/operations/staff-absence
├ ƒ /api/operations/staff-agency-worker-compliance
├ ƒ /api/operations/staff-annual-leave
├ ƒ /api/operations/staff-attendance
├ ƒ /api/operations/staff-burnout-indicator
├ ƒ /api/operations/staff-code-of-conduct-compliance
├ ƒ /api/operations/staff-competency-assessments
├ ƒ /api/operations/staff-confidence-indicator
├ ƒ /api/operations/staff-conflict-of-interest
├ ƒ /api/operations/staff-dbs-renewal-tracking
├ ƒ /api/operations/staff-debrief-support
├ ƒ /api/operations/staff-development-plan
├ ƒ /api/operations/staff-disciplinary
├ ƒ /api/operations/staff-exit-interview-management
├ ƒ /api/operations/staff-exit-interviews
├ ƒ /api/operations/staff-grievance
├ ƒ /api/operations/staff-handover-notes
├ ƒ /api/operations/staff-induction
├ ƒ /api/operations/staff-lone-working
├ ƒ /api/operations/staff-lone-working-risk
├ ƒ /api/operations/staff-mandatory-refresher-training
├ ƒ /api/operations/staff-mandatory-training
├ ƒ /api/operations/staff-medication-competency
├ ƒ /api/operations/staff-nvq-qualification-tracking
├ ƒ /api/operations/staff-overtime-management
├ ƒ /api/operations/staff-pattern-intelligence
├ ƒ /api/operations/staff-payroll-compliance
├ ƒ /api/operations/staff-performance-dip
├ ƒ /api/operations/staff-practice-risk-assessment
├ ƒ /api/operations/staff-professional-registration
├ ƒ /api/operations/staff-reflective-practice
├ ƒ /api/operations/staff-retention-exit-analysis
├ ƒ /api/operations/staff-return-to-work-interview
├ ƒ /api/operations/staff-review-outcome
├ ƒ /api/operations/staff-secondment-management
├ ƒ /api/operations/staff-shift-pattern-monitoring
├ ƒ /api/operations/staff-sickness-management
├ ƒ /api/operations/staff-supervision-compliance
├ ƒ /api/operations/staff-supervision-sessions
├ ƒ /api/operations/staff-support-action
├ ƒ /api/operations/staff-support-plan
├ ƒ /api/operations/staff-team-meetings
├ ƒ /api/operations/staff-trigger-map
├ ƒ /api/operations/staff-wellbeing
├ ƒ /api/operations/staff-whistleblowing-investigation
├ ƒ /api/operations/staff-whistleblowing-management
├ ƒ /api/operations/stakeholder-engagement
├ ƒ /api/operations/statement-of-purpose
├ ƒ /api/operations/staying-arrangements
├ ƒ /api/operations/substance-misuse
├ ƒ /api/operations/substance-misuse-monitoring
├ ƒ /api/operations/supervision
├ ƒ /api/operations/tasks
├ ƒ /api/operations/tasks/[id]
├ ƒ /api/operations/tasks/[id]/complete
├ ƒ /api/operations/tasks/[id]/escalate
├ ƒ /api/operations/tenancy-readiness
├ ƒ /api/operations/therapeutic-interventions
├ ƒ /api/operations/training
├ ƒ /api/operations/transition-planning
├ ƒ /api/operations/transition-planning-readiness
├ ƒ /api/operations/transport-safety
├ ƒ /api/operations/trauma-informed-care
├ ƒ /api/operations/uasc-support
├ ƒ /api/operations/utility-management
├ ƒ /api/operations/vehicle-management
├ ƒ /api/operations/visitor-feedback-collection
├ ƒ /api/operations/visitor-management
├ ƒ /api/operations/visitors
├ ƒ /api/operations/volunteer-management
├ ƒ /api/operations/water-safety
├ ƒ /api/operations/whistleblowing
├ ƒ /api/operations/whistleblowing-concerns-intelligence
├ ƒ /api/operations/work-experience-employment
├ ƒ /api/operations/workflows
├ ƒ /api/operations/workflows/[id]
├ ƒ /api/operations/workforce-diversity
├ ƒ /api/operations/workforce-planning
├ ƒ /api/operations/young-person-daily-diary
├ ƒ /api/operations/young-person-employment-support
├ ƒ /api/outcomes-measurement
├ ƒ /api/outdoor-activity-enrichment
├ ƒ /api/parental-contact-management
├ ƒ /api/parental-engagement
├ ƒ /api/participation
├ ƒ /api/peer-dynamics
├ ƒ /api/peer-dynamics-intelligence
├ ƒ /api/peer-mentoring-effectiveness
├ ƒ /api/peer-relationship-dynamics
├ ƒ /api/peer-relationship-quality
├ ƒ /api/personal-hygiene-self-care
├ ƒ /api/pet-therapy-animal-interaction
├ ƒ /api/physical-health-monitoring
├ ƒ /api/physical-health-wellbeing
├ ƒ /api/placement-matching-quality
├ ƒ /api/placement-stability
├ ƒ /api/placement-stability-continuity
├ ƒ /api/placement-stability-intelligence
├ ƒ /api/pocket-money
├ ƒ /api/pocket-money-financial-education
├ ƒ /api/pocket-money-financial-literacy
├ ƒ /api/pocket-money-intelligence
├ ƒ /api/positive-behaviour
├ ƒ /api/positive-reinforcement-rewards
├ ƒ /api/post-incident-learning
├ ƒ /api/practice-intelligence/learning-studio
├ ƒ /api/practice-intelligence/oversight
├ ƒ /api/practice-intelligence/regulation-mapping
├ ƒ /api/practice-intelligence/scanner
├ ƒ /api/practice-intelligence/sessions
├ ƒ /api/practice-intelligence/therapeutic-profiles
├ ƒ /api/practice-intelligence/workflow-triggers
├ ƒ /api/premises
├ ƒ /api/premises-intelligence
├ ƒ /api/privacy
├ ƒ /api/privacy-dignity-assessment
├ ƒ /api/professional-boundary-compliance
├ ƒ /api/professional-development
├ ƒ /api/property-damage-assessment
├ ƒ /api/quality-assurance
├ ƒ /api/quality-ecology
├ ƒ /api/quality-ecology-intelligence
├ ƒ /api/quality-ecology/transition
├ ƒ /api/quality-of-care
├ ƒ /api/record-quality
├ ƒ /api/recreational-leisure-access
├ ƒ /api/reflective-practice
├ ƒ /api/reg44-compliance
├ ƒ /api/reg44-visits
├ ƒ /api/regulatory
├ ƒ /api/regulatory-intelligence
├ ƒ /api/regulatory-self-assessment
├ ƒ /api/regulatory-self-assessment-intelligence
├ ƒ /api/religious-spiritual-needs
├ ƒ /api/religious-spiritual-support
├ ƒ /api/restorative-practice
├ ƒ /api/restraint
├ ƒ /api/restraint-analysis
├ ƒ /api/return-home-interview-quality
├ ƒ /api/ri
├ ƒ /api/risk-assessment
├ ƒ /api/risk-assessment-quality
├ ƒ /api/room-standards-personalisation
├ ƒ /api/routine-consistency
├ ƒ /api/safeguarding
├ ƒ /api/safeguarding-effectiveness
├ ƒ /api/safeguarding-oversight
├ ƒ /api/safeguarding-oversight-intelligence
├ ƒ /api/safeguarding-referral-quality
├ ƒ /api/safer-recruitment
├ ƒ /api/sanctions
├ ƒ /api/secure-accommodation
├ ƒ /api/self-harm-prevention-protocol
├ ƒ /api/sensory-environment
├ ƒ /api/sensory-environment-quality
├ ƒ /api/sensory-processing-support
├ ƒ /api/sexual-health-relationships-education
├ ƒ /api/shift-intelligence
├ ƒ /api/sibling-contact-management
├ ƒ /api/sibling-contact-quality
├ ƒ /api/sleep-hygiene-quality
├ ƒ /api/sleep-routine-quality
├ ƒ /api/sleep-wellbeing
├ ƒ /api/social-media-digital-footprint
├ ƒ /api/social-media-online-safety
├ ƒ /api/spiritual-wellbeing-development
├ ƒ /api/staff-deployment
├ ƒ /api/staff-performance
├ ƒ /api/staff-resilience
├ ƒ /api/staff-supervision-effectiveness
├ ƒ /api/staff-supervision-effectiveness-intelligence
├ ƒ /api/staff-training
├ ƒ /api/staff-wellbeing
├ ƒ /api/staff-wellbeing-resilience
├ ƒ /api/statement-of-purpose-alignment
├ ƒ /api/substance-misuse-awareness
├ ƒ /api/substance-misuse-prevention
├ ƒ /api/supervision
├ ƒ /api/supervision-quality
├ ƒ /api/therapeutic
├ ƒ /api/therapeutic-care
├ ƒ /api/therapeutic-crisis-intervention
├ ƒ /api/therapeutic-intelligence
├ ƒ /api/therapeutic-intervention-quality
├ ƒ /api/training
├ ƒ /api/transition-leaving-care-readiness
├ ƒ /api/transition-pathway-planning
├ ƒ /api/transition-planning
├ ƒ /api/transition-readiness
├ ƒ /api/transitions
├ ƒ /api/transport-safety-compliance
├ ƒ /api/transport-travel-arrangements
├ ƒ /api/trauma-informed
├ ƒ /api/v1/[...slug]
├ ƒ /api/v1/activity-feed
├ ƒ /api/v1/admission-referral-intelligence
├ ƒ /api/v1/advocacy-intelligence
├ ƒ /api/v1/appraisal-intelligence
├ ƒ /api/v1/aria
├ ƒ /api/v1/aria-intelligence/assessments
├ ƒ /api/v1/aria-intelligence/assessments/[id]
├ ƒ /api/v1/aria-intelligence/audit
├ ƒ /api/v1/aria-intelligence/interactive
├ ƒ /api/v1/aria-intelligence/interactive/[id]
├ ƒ /api/v1/aria-intelligence/keywork
├ ƒ /api/v1/aria-intelligence/keywork/[id]
├ ƒ /api/v1/aria-intelligence/oversight
├ ƒ /api/v1/aria-intelligence/oversight/[id]
├ ƒ /api/v1/aria-intelligence/recommendations
├ ƒ /api/v1/aria-intelligence/recommendations/[id]
├ ƒ /api/v1/aria-intelligence/resources
├ ƒ /api/v1/aria-intelligence/resources/[id]
├ ƒ /api/v1/aria-intelligence/safeguarding-flags
├ ƒ /api/v1/aria-intelligence/safeguarding-flags/[id]
├ ƒ /api/v1/aria-studio/annex-a-snapshot
├ ƒ /api/v1/aria-studio/annex-a-snapshot-lock
├ ƒ /api/v1/aria-studio/artifacts
├ ƒ /api/v1/aria-studio/artifacts/[id]
├ ƒ /api/v1/aria-studio/audit-trail
├ ƒ /api/v1/aria-studio/care-event-bridge
├ ƒ /api/v1/aria-studio/care-graph
├ ƒ /api/v1/aria-studio/committed-amendments
├ ƒ /api/v1/aria-studio/decision-recommendations
├ ƒ /api/v1/aria-studio/decision-support
├ ƒ /api/v1/aria-studio/early-warnings
├ ƒ /api/v1/aria-studio/formulations
├ ƒ /api/v1/aria-studio/gaps
├ ƒ /api/v1/aria-studio/generate
├ ƒ /api/v1/aria-studio/home-dynamics
├ ƒ /api/v1/aria-studio/management-oversight
├ ƒ /api/v1/aria-studio/quality-check
├ ƒ /api/v1/aria-studio/reg40-triage
├ ƒ /api/v1/aria-studio/reg45-evidence
├ ƒ /api/v1/aria-studio/reg45-evidence-items
├ ƒ /api/v1/aria-studio/reg45-reports
├ ƒ /api/v1/aria-studio/safeguarding-patterns
├ ƒ /api/v1/aria-studio/sources
├ ƒ /api/v1/aria-studio/suggested-records
├ ƒ /api/v1/aria/chat
├ ƒ /api/v1/aria/health
├ ƒ /api/v1/audit
├ ƒ /api/v1/audit-quality-intelligence
├ ƒ /api/v1/audits
├ ƒ /api/v1/audits/[id]
├ ƒ /api/v1/automation
├ ƒ /api/v1/automation/evaluate
├ ƒ /api/v1/behaviour-intelligence
├ ƒ /api/v1/behaviour-trigger-patterns
├ ƒ /api/v1/branding/audit
├ ƒ /api/v1/branding/home
├ ƒ /api/v1/branding/organisation
├ ƒ /api/v1/branding/resolve
├ ƒ /api/v1/branding/system
├ ƒ /api/v1/branding/upload
├ ƒ /api/v1/care-events/[id]
├ ƒ /api/v1/care-events/[id]/export
├ ƒ /api/v1/care-events/amendment-review
├ ƒ /api/v1/care-events/annex-a/promote
├ ƒ /api/v1/care-events/child-daily-summaries/rebuild
├ ƒ /api/v1/care-events/export-abuse
├ ƒ /api/v1/care-events/exports
├ ƒ /api/v1/care-events/exports/by-artifact
├ ƒ /api/v1/care-events/filing-cabinet
├ ƒ /api/v1/care-events/filing-cabinet/export
├ ƒ /api/v1/care-events/inspection-bundle
├ ƒ /api/v1/care-events/inspection-bundle/[id]
├ ƒ /api/v1/care-events/inspection-bundle/diff
├ ƒ /api/v1/care-events/inspection-bundle/export
├ ƒ /api/v1/care-events/inspection-bundle/ri-escalations
├ ƒ /api/v1/care-events/inspection-bundle/ri-escalations/ack
├ ƒ /api/v1/care-events/inspection-bundle/trajectory
├ ƒ /api/v1/care-events/inspection-bundle/trajectory-alerts
├ ƒ /api/v1/care-events/inspection-bundle/trajectory-alerts/ack
├ ƒ /api/v1/care-events/inspection-readiness
├ ƒ /api/v1/care-events/inspection-snapshot
├ ƒ /api/v1/care-events/inspection-snapshot/[id]
├ ƒ /api/v1/care-events/inspection-snapshot/[id]/export
├ ƒ /api/v1/care-events/job-queue
├ ƒ /api/v1/care-events/jobs
├ ƒ /api/v1/care-events/manager-verify-queue
├ ƒ /api/v1/care-events/notifications
├ ƒ /api/v1/care-events/oversight-inbox
├ ƒ /api/v1/care-events/patterns
├ ƒ /api/v1/care-events/patterns/promote
├ ƒ /api/v1/care-events/reg44-pack
├ ƒ /api/v1/care-events/reg44-pack/[id]
├ ƒ /api/v1/care-events/reg44-pack/[id]/export
├ ƒ /api/v1/care-events/returned-records
├ ƒ /api/v1/care-events/routing-health
├ ƒ /api/v1/care-events/saved-time-dashboard
├ ƒ /api/v1/care-form-intelligence
├ ƒ /api/v1/care-plans
├ ƒ /api/v1/care-plans/[id]
├ ƒ /api/v1/child-360-intelligence
├ ƒ /api/v1/child-behaviour-safety-intelligence
├ ƒ /api/v1/child-daily-life-intelligence
├ ƒ /api/v1/child-education-intelligence
├ ƒ /api/v1/child-emotional-wellbeing-intelligence
├ ƒ /api/v1/child-health-intelligence
├ ƒ /api/v1/child-impact/[childId]
├ ƒ /api/v1/child-independence-intelligence
├ ƒ /api/v1/child-keyworking-intelligence
├ ƒ /api/v1/child-lac-review-intelligence
├ ƒ /api/v1/child-medication-intelligence
├ ƒ /api/v1/child-missing-intelligence
├ ƒ /api/v1/child-outcome-intelligence
├ ƒ /api/v1/child-placement-quality
├ ƒ /api/v1/child-priority
├ ƒ /api/v1/child-restrictive-practice-intelligence
├ ƒ /api/v1/child-risk-profile-intelligence
├ ƒ /api/v1/child-safeguarding-intelligence
├ ƒ /api/v1/child-voice-participation
├ ƒ /api/v1/chronology-intelligence
├ ƒ /api/v1/complaints
├ ƒ /api/v1/complaints-incident-correlation
├ ƒ /api/v1/complaints-intelligence
├ ƒ /api/v1/complaints/[id]
├ ƒ /api/v1/compliance-rules
├ ƒ /api/v1/conflict-detection
├ ƒ /api/v1/contact-arrangements
├ ƒ /api/v1/contact-arrangements/[id]
├ ƒ /api/v1/contact-engagement
├ ƒ /api/v1/contact-logs
├ ƒ /api/v1/contact-logs/[id]
├ ƒ /api/v1/contact-persons
├ ƒ /api/v1/contact-persons/[id]
├ ƒ /api/v1/contextual-safeguarding-intelligence
├ ƒ /api/v1/daily-log/[id]
├ ƒ /api/v1/dashboard
├ ƒ /api/v1/dashboard/staff
├ ƒ /api/v1/doc-intelligence/[docId]
├ ƒ /api/v1/doc-intelligence/[docId]/approve
├ ƒ /api/v1/doc-intelligence/[docId]/audit
├ ƒ /api/v1/document-compliance-intelligence
├ ƒ /api/v1/documents
├ ƒ /api/v1/documents/[docId]/sign
├ ƒ /api/v1/dol-intelligence
├ ƒ /api/v1/duplicate-detection
├ ƒ /api/v1/education-intelligence
├ ƒ /api/v1/emergency-intelligence
├ ƒ /api/v1/event-capture
├ ƒ /api/v1/event-intelligence
├ ƒ /api/v1/event-routing
├ ƒ /api/v1/event-stream
├ ƒ /api/v1/evidence-bank
├ ƒ /api/v1/expenses/[id]
├ ƒ /api/v1/family-relationships-intelligence
├ ƒ /api/v1/finance-intelligence
├ ƒ /api/v1/financial-management-intelligence
├ ƒ /api/v1/forms
├ ƒ /api/v1/forms/[id]
├ ƒ /api/v1/handover-continuity-intelligence
├ ƒ /api/v1/handover/staff-context
├ ƒ /api/v1/health-check
├ ƒ /api/v1/health-wellbeing
├ ƒ /api/v1/home-accident-injury-surveillance-intelligence
├ ƒ /api/v1/home-activity-enrichment-intelligence
├ ƒ /api/v1/home-admission-intelligence
├ ƒ /api/v1/home-admissions-matching-assessment-intelligence
├ ƒ /api/v1/home-advocacy-independent-visitor-intelligence
├ ƒ /api/v1/home-advocacy-independent-voice-intelligence
├ ƒ /api/v1/home-agency-staff-management-intelligence
├ ƒ /api/v1/home-allegations-investigations-management-intelligence
├ ƒ /api/v1/home-allergy-management-food-safety-intelligence
├ ƒ /api/v1/home-annual-health-assessment-intelligence
├ ƒ /api/v1/home-anxiety-mental-health-screening-intelligence
├ ƒ /api/v1/home-aria-content-quality-intelligence
├ ƒ /api/v1/home-aromatherapy-wellbeing-therapies-intelligence
├ ƒ /api/v1/home-asthma-respiratory-management-intelligence
├ ƒ /api/v1/home-attachment-profile-intelligence
├ ƒ /api/v1/home-automation-roi-intelligence
├ ƒ /api/v1/home-bathroom-accessibility-adaptations-intelligence
├ ƒ /api/v1/home-bathroom-shower-facilities-intelligence
├ ƒ /api/v1/home-bedroom-temperature-ventilation-intelligence
├ ƒ /api/v1/home-bedwetting-enuresis-support-intelligence
├ ƒ /api/v1/home-behaviour-intelligence
├ ƒ /api/v1/home-behaviour-support-plan-effectiveness-intelligence
├ ƒ /api/v1/home-behaviour-support-plan-intelligence
├ ƒ /api/v1/home-belonging-personal-property-intelligence
├ ƒ /api/v1/home-birthday-special-occasion-celebration-intelligence
├ ƒ /api/v1/home-boiler-heating-system-servicing-intelligence
├ ƒ /api/v1/home-bsp-effectiveness-intelligence
├ ƒ /api/v1/home-building-ops-safety-intelligence
├ ƒ /api/v1/home-camhs-specialist-referral-intelligence
├ ƒ /api/v1/home-care-event-quality-intelligence
├ ƒ /api/v1/home-case-file-audit-quality-intelligence
├ ƒ /api/v1/home-cctv-surveillance-governance-intelligence
├ ƒ /api/v1/home-child-voice-intelligence
├ ƒ /api/v1/home-child-voice-participation-intelligence
├ ƒ /api/v1/home-child-wellbeing-composite
├ ƒ /api/v1/home-childrens-rights-participation-intelligence
├ ƒ /api/v1/home-childrens-voice-participation-intelligence
├ ƒ /api/v1/home-chronology-intelligence
├ ƒ /api/v1/home-clothing-labelling-storage-intelligence
├ ƒ /api/v1/home-clothing-personal-possessions-intelligence
├ ƒ /api/v1/home-communication-contact-intelligence
├ ƒ /api/v1/home-communication-language-support-intelligence
├ ƒ /api/v1/home-community-access-intelligence
├ ƒ /api/v1/home-community-integration-volunteering-intelligence
├ ƒ /api/v1/home-competency-landscape-intelligence
├ ƒ /api/v1/home-complaint-advocacy-responsiveness-intelligence
├ ƒ /api/v1/home-complaints-intelligence
├ ƒ /api/v1/home-consent-capacity-management-intelligence
├ ƒ /api/v1/home-consent-rights-literacy-intelligence
├ ƒ /api/v1/home-contextual-safeguarding-intelligence
├ ƒ /api/v1/home-contextual-safeguarding-risk-intelligence
├ ƒ /api/v1/home-continence-personal-hygiene-support-intelligence
├ ƒ /api/v1/home-cooking-kitchen-skills-intelligence
├ ƒ /api/v1/home-cooking-life-skills-intelligence
├ ƒ /api/v1/home-cultural-events-celebrations-intelligence
├ ƒ /api/v1/home-cultural-identity-diversity-intelligence
├ ƒ /api/v1/home-cultural-identity-intelligence
├ ƒ /api/v1/home-daily-log-intelligence
├ ƒ /api/v1/home-daily-routine-care-continuity-intelligence
├ ƒ /api/v1/home-daily-routine-structure-intelligence
├ ƒ /api/v1/home-damp-mould-management-intelligence
├ ƒ /api/v1/home-data-governance-intelligence
├ ƒ /api/v1/home-data-protection-gdpr-compliance-intelligence
├ ƒ /api/v1/home-dbs-renewal-staff-vetting-intelligence
├ ƒ /api/v1/home-delegated-authority-intelligence
├ ƒ /api/v1/home-dental-oral-health-intelligence
├ ƒ /api/v1/home-deprivation-of-liberty-intelligence
├ ƒ /api/v1/home-digital-literacy-online-safety-intelligence
├ ƒ /api/v1/home-digital-safety-intelligence
├ ƒ /api/v1/home-digital-safety-online-protection-intelligence
├ ƒ /api/v1/home-diversity-inclusion-equality-intelligence
├ ƒ /api/v1/home-document-governance-intelligence
├ ƒ /api/v1/home-education-achievement-intelligence
├ ƒ /api/v1/home-education-engagement-intelligence
├ ƒ /api/v1/home-electricity-gas-safety-intelligence
├ ƒ /api/v1/home-emergency-contact-next-of-kin-intelligence
├ ƒ /api/v1/home-emergency-preparedness-continuity-intelligence
├ ƒ /api/v1/home-emergency-preparedness-intelligence
├ ƒ /api/v1/home-emotional-literacy-feelings-expression-intelligence
├ ƒ /api/v1/home-emotional-safety-climate-intelligence
├ ƒ /api/v1/home-enrichment-achievement-intelligence
├ ƒ /api/v1/home-environmental-sustainability-eco-awareness-intelligence
├ ƒ /api/v1/home-ethnic-hair-skincare-intelligence
├ ƒ /api/v1/home-expense-governance-intelligence
├ ƒ /api/v1/home-exploitation-screening-intelligence
├ ƒ /api/v1/home-eye-health-vision-care-intelligence
├ ƒ /api/v1/home-facilities-compliance-intelligence
├ ƒ /api/v1/home-family-engagement-intelligence
├ ƒ /api/v1/home-family-social-connectivity-intelligence
├ ƒ /api/v1/home-filing-evidence-governance-intelligence
├ ƒ /api/v1/home-financial-literacy-money-management-intelligence
├ ƒ /api/v1/home-financial-wellbeing-intelligence
├ ƒ /api/v1/home-fire-drill-emergency-preparedness-intelligence
├ ƒ /api/v1/home-fire-safety-emergency-drill-intelligence
├ ƒ /api/v1/home-fire-safety-intelligence
├ ƒ /api/v1/home-first-aid-kit-medical-supplies-intelligence
├ ƒ /api/v1/home-food-nutrition-hygiene-safety-intelligence
├ ƒ /api/v1/home-food-storage-refrigeration-safety-intelligence
├ ƒ /api/v1/home-friendship-social-network-intelligence
├ ƒ /api/v1/home-furniture-room-personalisation-intelligence
├ ƒ /api/v1/home-garden-outdoor-space-maintenance-intelligence
├ ƒ /api/v1/home-governance-management-oversight-intelligence
├ ƒ /api/v1/home-grief-bereavement-support-intelligence
├ ƒ /api/v1/home-handover-communication-quality-intelligence
├ ƒ /api/v1/home-handover-continuity-intelligence
├ ƒ /api/v1/home-hazard-near-miss-reporting-intelligence
├ ƒ /api/v1/home-health-appointment-continuity-intelligence
├ ƒ /api/v1/home-health-monitoring-intelligence
├ ƒ /api/v1/home-health-wellbeing-intelligence
├ ƒ /api/v1/home-health-wellbeing-oversight-intelligence
├ ƒ /api/v1/home-hobbies-interests-development-intelligence
├ ƒ /api/v1/home-holiday-enriching-experiences-intelligence
├ ƒ /api/v1/home-holiday-trip-planning-intelligence
├ ƒ /api/v1/home-holistic-child-progress-intelligence
├ ƒ /api/v1/home-homework-academic-support-intelligence
├ ƒ /api/v1/home-homework-environment-study-space-intelligence
├ ƒ /api/v1/home-house-meeting-governance-intelligence
├ ƒ /api/v1/home-immunisation-vaccination-compliance-intelligence
├ ƒ /api/v1/home-incident-safety-intelligence
├ ƒ /api/v1/home-independence-intelligence
├ ƒ /api/v1/home-independence-life-skills-development-intelligence
├ ƒ /api/v1/home-independence-life-skills-intelligence
├ ƒ /api/v1/home-independence-skills-readiness-intelligence
├ ƒ /api/v1/home-infection-control-health-safety-intelligence
├ ƒ /api/v1/home-infection-prevention-control-intelligence
├ ƒ /api/v1/home-information-flow-quality-intelligence
├ ƒ /api/v1/home-it-equipment-connectivity-intelligence
├ ƒ /api/v1/home-key-worker-relationship-quality-intelligence
├ ƒ /api/v1/home-key-working-intelligence
├ ƒ /api/v1/home-keyholding-access-control-intelligence
├ ƒ /api/v1/home-keyworker-intelligence
├ ƒ /api/v1/home-lac-review-intelligence
├ ƒ /api/v1/home-lado-allegation-management-intelligence
├ ƒ /api/v1/home-laundry-linen-management-intelligence
├ ƒ /api/v1/home-leave-absence-intelligence
├ ƒ /api/v1/home-leaving-care-transition-intelligence
├ ƒ /api/v1/home-lessons-learned-improvement-intelligence
├ ƒ /api/v1/home-life-story-identity-intelligence
├ ƒ /api/v1/home-living-environment-intelligence
├ ƒ /api/v1/home-living-environment-standards-intelligence
├ ƒ /api/v1/home-locality-safeguarding-intelligence
├ ƒ /api/v1/home-lone-working-staff-safety-intelligence
├ ƒ /api/v1/home-management-walkround-oversight-intelligence
├ ƒ /api/v1/home-medication-administration-intelligence
├ ƒ /api/v1/home-medication-governance-intelligence
├ ƒ /api/v1/home-medication-management-intelligence
├ ƒ /api/v1/home-medication-safety-compliance-intelligence
├ ƒ /api/v1/home-meeting-governance-intelligence
├ ƒ /api/v1/home-menstruation-puberty-support-intelligence
├ ƒ /api/v1/home-mental-health-intelligence
├ ƒ /api/v1/home-minor-repairs-maintenance-intelligence
├ ƒ /api/v1/home-missing-episode-intelligence
├ ƒ /api/v1/home-missing-episodes-intelligence
├ ƒ /api/v1/home-missing-person-absent-authority-intelligence
├ ƒ /api/v1/home-mobile-phone-screen-time-intelligence
├ ƒ /api/v1/home-multi-agency-collaboration-intelligence
├ ƒ /api/v1/home-multi-agency-intelligence
├ ƒ /api/v1/home-multidisciplinary-formulation-intelligence
├ ƒ /api/v1/home-neighbourhood-safety-risk-assessment-intelligence
├ ƒ /api/v1/home-night-care-quality-intelligence
├ ƒ /api/v1/home-night-care-safety-intelligence
├ ƒ /api/v1/home-night-handover-quality-intelligence
├ ƒ /api/v1/home-night-safety-intelligence
├ ƒ /api/v1/home-noise-sound-management-intelligence
├ ƒ /api/v1/home-notifiable-events-intelligence
├ ƒ /api/v1/home-notification-responsiveness-intelligence
├ ƒ /api/v1/home-nutrition-catering-intelligence
├ ƒ /api/v1/home-nutrition-dietary-management-intelligence
├ ƒ /api/v1/home-ofsted-readiness-composite
├ ƒ /api/v1/home-on-call-governance-intelligence
├ ƒ /api/v1/home-organizational-learning-intelligence
├ ƒ /api/v1/home-outcome-star-assessment-intelligence
├ ƒ /api/v1/home-outcome-star-needs-intelligence
├ ƒ /api/v1/home-outcomes-progress-intelligence
├ ƒ /api/v1/home-outdoor-nature-engagement-intelligence
├ ƒ /api/v1/home-parent-partnership-engagement-intelligence
├ ƒ /api/v1/home-parental-contact-family-engagement-intelligence
├ ƒ /api/v1/home-participation-intelligence
├ ƒ /api/v1/home-peer-dynamics-intelligence
├ ƒ /api/v1/home-peer-relationship-social-development-intelligence
├ ƒ /api/v1/home-pep-education-quality-intelligence
├ ƒ /api/v1/home-personal-calendar-appointments-intelligence
├ ƒ /api/v1/home-pest-control-hygiene-compliance-intelligence
├ ƒ /api/v1/home-pet-animal-therapy-intelligence
├ ƒ /api/v1/home-physical-activity-recreation-intelligence
├ ƒ /api/v1/home-placement-disruption-prevention-intelligence
├ ƒ /api/v1/home-placement-impact-assessment-intelligence
├ ƒ /api/v1/home-placement-journey-intelligence
├ ƒ /api/v1/home-placement-stability-depth-intelligence
├ ƒ /api/v1/home-placement-stability-intelligence
├ ƒ /api/v1/home-placement-stability-permanence-intelligence
├ ƒ /api/v1/home-pocket-money-audit-reconciliation-intelligence
├ ƒ /api/v1/home-pocket-money-distribution-equity-intelligence
├ ƒ /api/v1/home-pocket-money-financial-literacy-intelligence
├ ƒ /api/v1/home-policy-compliance-intelligence
├ ƒ /api/v1/home-policy-review-cycle-compliance-intelligence
├ ƒ /api/v1/home-positive-identity-self-esteem-intelligence
├ ƒ /api/v1/home-post-incident-child-debrief-intelligence
├ ƒ /api/v1/home-practice-observation-competency-intelligence
├ ƒ /api/v1/home-premises-safety-intelligence
├ ƒ /api/v1/home-privacy-dignity-intelligence
├ ƒ /api/v1/home-professional-network-intelligence
├ ƒ /api/v1/home-quality-assurance-intelligence
├ ƒ /api/v1/home-quality-of-care-composite
├ ƒ /api/v1/home-quality-of-care-review-intelligence
├ ƒ /api/v1/home-record-keeping-documentation-quality-intelligence
├ ƒ /api/v1/home-recording-quality-intelligence
├ ƒ /api/v1/home-recruitment-audit-trail-intelligence
├ ƒ /api/v1/home-reg44-45-quality-assurance-reporting-intelligence
├ ƒ /api/v1/home-reg44-intelligence
├ ƒ /api/v1/home-reg4445-evidence-intelligence
├ ƒ /api/v1/home-regulatory-compliance-composite
├ ƒ /api/v1/home-regulatory-compliance-intelligence
├ ƒ /api/v1/home-regulatory-evidence-completeness-intelligence
├ ƒ /api/v1/home-religious-spiritual-wellbeing-intelligence
├ ƒ /api/v1/home-restorative-practice-conflict-resolution-intelligence
├ ƒ /api/v1/home-restraint-physical-intervention-intelligence
├ ƒ /api/v1/home-restrictive-practice-intelligence
├ ƒ /api/v1/home-return-interview-quality-intelligence
├ ƒ /api/v1/home-rewards-incentives-management-intelligence
├ ƒ /api/v1/home-risk-assessment-intelligence
├ ƒ /api/v1/home-risk-landscape-intelligence
├ ƒ /api/v1/home-risk-management-plan-intelligence
├ ƒ /api/v1/home-safeguarding-depth-intelligence
├ ƒ /api/v1/home-safeguarding-intelligence
├ ƒ /api/v1/home-safeguarding-oversight-composite
├ ƒ /api/v1/home-safeguarding-prevention-intelligence
├ ƒ /api/v1/home-safer-recruitment-intelligence
├ ƒ /api/v1/home-safer-recruitment-vetting-intelligence
├ ƒ /api/v1/home-sanction-reward-balance-intelligence
├ ƒ /api/v1/home-savings-banking-skills-intelligence
├ ƒ /api/v1/home-self-evaluation-improvement-intelligence
├ ƒ /api/v1/home-self-harm-safety-plan-intelligence
├ ƒ /api/v1/home-sensory-accessibility-support-intelligence
├ ƒ /api/v1/home-sensory-diet-regulation-intelligence
├ ƒ /api/v1/home-sensory-therapeutic-environment-intelligence
├ ƒ /api/v1/home-sexual-health-rse-education-intelligence
├ ƒ /api/v1/home-sharps-disposal-hazardous-waste-intelligence
├ ƒ /api/v1/home-shift-pattern-intelligence
├ ƒ /api/v1/home-sibling-contact-protocol-intelligence
├ ƒ /api/v1/home-sibling-contact-relationships-intelligence
├ ƒ /api/v1/home-sleep-night-care-intelligence
├ ƒ /api/v1/home-sleep-quality-intelligence
├ ƒ /api/v1/home-sleep-quality-rest-management-intelligence
├ ƒ /api/v1/home-slips-trips-falls-prevention-intelligence
├ ƒ /api/v1/home-social-worker-contact-intelligence
├ ƒ /api/v1/home-specialized-health-plans-intelligence
├ ƒ /api/v1/home-staff-competency-training-intelligence
├ ƒ /api/v1/home-staff-debrief-emotional-support-intelligence
├ ƒ /api/v1/home-staff-debriefing-critical-incident-support-intelligence
├ ƒ /api/v1/home-staff-development-intelligence
├ ƒ /api/v1/home-staff-disciplinary-conduct-intelligence
├ ƒ /api/v1/home-staff-induction-onboarding-intelligence
├ ƒ /api/v1/home-staff-lifecycle-intelligence
├ ƒ /api/v1/home-staff-lone-working-safety-intelligence
├ ƒ /api/v1/home-staff-performance-appraisal-intelligence
├ ƒ /api/v1/home-staff-performance-composite-intelligence
├ ƒ /api/v1/home-staff-recognition-morale-intelligence
├ ƒ /api/v1/home-staff-reflective-practice-intelligence
├ ƒ /api/v1/home-staff-rota-adequate-staffing-intelligence
├ ƒ /api/v1/home-staff-safety-intelligence
├ ƒ /api/v1/home-staff-supervision-reflective-practice-intelligence
├ ƒ /api/v1/home-staff-training-cpd-compliance-intelligence
├ ƒ /api/v1/home-staff-wellbeing-intelligence
├ ƒ /api/v1/home-staff-wellbeing-retention-intelligence
├ ƒ /api/v1/home-stakeholder-engagement-feedback-intelligence
├ ƒ /api/v1/home-statement-purpose-children-guide-intelligence
├ ƒ /api/v1/home-statutory-notification-compliance-intelligence
├ ƒ /api/v1/home-statutory-visit-compliance-intelligence
├ ƒ /api/v1/home-strategic-risk-intelligence
├ ƒ /api/v1/home-substance-misuse-prevention-intelligence
├ ƒ /api/v1/home-substance-misuse-screening-intelligence
├ ƒ /api/v1/home-supervision-intelligence
├ ƒ /api/v1/home-task-action-completion-intelligence
├ ƒ /api/v1/home-technology-digital-inclusion-intelligence
├ ƒ /api/v1/home-teeth-brushing-oral-routine-intelligence
├ ƒ /api/v1/home-therapeutic-climate-intelligence
├ ƒ /api/v1/home-therapeutic-intervention-effectiveness-intelligence
├ ƒ /api/v1/home-therapeutic-progress-intelligence
├ ƒ /api/v1/home-therapeutic-wellbeing-impact-intelligence
├ ƒ /api/v1/home-transition-leaving-care-readiness-intelligence
├ ƒ /api/v1/home-transition-planning-intelligence
├ ƒ /api/v1/home-transport-journey-safety-intelligence
├ ƒ /api/v1/home-transport-vehicle-safety-intelligence
├ ƒ /api/v1/home-trauma-therapy-intelligence
├ ƒ /api/v1/home-utility-bills-cost-management-intelligence
├ ƒ /api/v1/home-visitor-intelligence
├ ƒ /api/v1/home-visitor-management-security-intelligence
├ ƒ /api/v1/home-washing-machine-dryer-maintenance-intelligence
├ ƒ /api/v1/home-water-safety-hydration-intelligence
├ ƒ /api/v1/home-weekly-planner-activity-schedule-intelligence
├ ƒ /api/v1/home-weight-management-healthy-eating-intelligence
├ ƒ /api/v1/home-welfare-check-compliance-intelligence
├ ƒ /api/v1/home-wellbeing-intelligence
├ ƒ /api/v1/home-whistleblowing-safeguarding-culture-intelligence
├ ƒ /api/v1/home-whistleblowing-transparency-intelligence
├ ƒ /api/v1/home-window-blind-curtain-safety-intelligence
├ ƒ /api/v1/home-workforce-planning-intelligence
├ ƒ /api/v1/home-workforce-resilience-composite
├ ƒ /api/v1/home-young-person-daily-wellbeing-intelligence
├ ƒ /api/v1/home-youth-justice-offending-intelligence
├ ƒ /api/v1/homes
├ ƒ /api/v1/incident-analytics
├ ƒ /api/v1/incidents/[id]
├ ƒ /api/v1/incidents/[id]/oversight
├ ƒ /api/v1/inspection-evidence-pack
├ ƒ /api/v1/inspection-history/[id]
├ ƒ /api/v1/inspection-readiness-intelligence
├ ƒ /api/v1/integration-hub
├ ƒ /api/v1/intelligence/action-outcomes
├ ƒ /api/v1/intelligence/action-outcomes/[id]
├ ƒ /api/v1/intelligence/child-experience
├ ƒ /api/v1/intelligence/document
├ ƒ /api/v1/intelligence/document/[id]
├ ƒ /api/v1/intelligence/home-climate
├ ƒ /api/v1/intelligence/interventions
├ ƒ /api/v1/intelligence/interventions/[id]
├ ƒ /api/v1/intelligence/patterns
├ ƒ /api/v1/intelligence/patterns/[id]
├ ƒ /api/v1/intelligence/practice-bank
├ ƒ /api/v1/intelligence/practice-bank/[id]
├ ƒ /api/v1/intelligence/relational
├ ƒ /api/v1/intelligence/voice
├ ƒ /api/v1/intervention-outcomes
├ ƒ /api/v1/intervention-sessions
├ ƒ /api/v1/intervention-sessions/[id]
├ ƒ /api/v1/key-dates
├ ƒ /api/v1/keyworking-intelligence
├ ƒ /api/v1/lac-review-intelligence
├ ƒ /api/v1/learning/knowledge-gaps
├ ƒ /api/v1/learning/knowledge-gaps/[id]
├ ƒ /api/v1/learning/library
├ ƒ /api/v1/learning/library/[id]
├ ƒ /api/v1/learning/projects
├ ƒ /api/v1/learning/projects/[id]
├ ƒ /api/v1/learning/resources
├ ƒ /api/v1/learning/resources/[id]
├ ƒ /api/v1/learning/training-needs
├ ƒ /api/v1/learning/training-needs/[id]
├ ƒ /api/v1/leaving-care-intelligence
├ ƒ /api/v1/life-skills-intelligence
├ ƒ /api/v1/livers
├ ƒ /api/v1/livers/[id]
├ ƒ /api/v1/maintenance/[id]
├ ƒ /api/v1/manager-briefing-intelligence
├ ƒ /api/v1/manager-inbox
├ ƒ /api/v1/medication-error-trends
├ ƒ /api/v1/medication-intelligence
├ ƒ /api/v1/medication/[id]/administer
├ ƒ /api/v1/meetings-intelligence
├ ƒ /api/v1/missing-episodes/[id]
├ ƒ /api/v1/missing-intelligence
├ ƒ /api/v1/multi-agency-intelligence
├ ƒ /api/v1/night-monitoring
├ ƒ /api/v1/notifiable-events-intelligence
├ ƒ /api/v1/outcomes-progress
├ ƒ /api/v1/pi-debriefs
├ ƒ /api/v1/pi-debriefs/[id]
├ ƒ /api/v1/placement-breakdown-forecast
├ ƒ /api/v1/placement-stability
├ ƒ /api/v1/policies-intelligence
├ ƒ /api/v1/possessions-intelligence
├ ƒ /api/v1/premises-safety-intelligence
├ ƒ /api/v1/quality-assurance-intelligence
├ ƒ /api/v1/recording-quality
├ ƒ /api/v1/recording-quality-intelligence
├ ƒ /api/v1/recording-quality-trend
├ ƒ /api/v1/records
├ ƒ /api/v1/recruitment/[candidateId]
├ ƒ /api/v1/recruitment/checks
├ ƒ /api/v1/recruitment/offers
├ ƒ /api/v1/recruitment/references
├ ƒ /api/v1/recruitment/vacancies/[vacancyId]
├ ƒ /api/v1/reg44-intelligence
├ ƒ /api/v1/regulatory-reporting-intelligence
├ ƒ /api/v1/restraint-intelligence
├ ƒ /api/v1/ri/alerts
├ ƒ /api/v1/ri/alerts/[id]
├ ƒ /api/v1/ri/challenge-logs
├ ƒ /api/v1/ri/challenge-logs/[id]
├ ƒ /api/v1/ri/governance-reports
├ ƒ /api/v1/ri/governance-reports/[id]
├ ƒ /api/v1/ri/reg44
├ ƒ /api/v1/ri/reg44/[id]
├ ƒ /api/v1/ri/reg45
├ ƒ /api/v1/ri/reg45/[id]
├ ƒ /api/v1/ri/scorecard
├ ƒ /api/v1/risk-assessment-intelligence
├ ƒ /api/v1/risk-intelligence-dashboard
├ ƒ /api/v1/rota-intelligence
├ ƒ /api/v1/rota/swaps
├ ƒ /api/v1/safeguarding-intelligence
├ ƒ /api/v1/safer-recruitment-intelligence
├ ƒ /api/v1/sanctions-rewards-intelligence
├ ƒ /api/v1/sccif-intelligence
├ ƒ /api/v1/search
├ ƒ /api/v1/shift-summary
├ ƒ /api/v1/staff
├ ƒ /api/v1/staff-child-continuity
├ ƒ /api/v1/staff-development-intelligence
├ ƒ /api/v1/staff-disciplinary-intelligence
├ ƒ /api/v1/staff-recording-practice
├ ƒ /api/v1/staff-wellbeing-intelligence
├ ƒ /api/v1/staff/[id]
├ ƒ /api/v1/staff/development
├ ƒ /api/v1/supervision
├ ƒ /api/v1/supervision-intelligence
├ ƒ /api/v1/supervision/[id]
├ ƒ /api/v1/task-sla-monitor
├ ƒ /api/v1/tasks/[id]
├ ƒ /api/v1/therapeutic-progress-intelligence
├ ƒ /api/v1/time-saved
├ ƒ /api/v1/timeline
├ ƒ /api/v1/visitors-intelligence
├ ƒ /api/v1/whistleblowing-intelligence
├ ƒ /api/v1/workflow-orchestration
├ ƒ /api/v1/workforce-intelligence
├ ƒ /api/v1/workforce/appraisals
├ ƒ /api/v1/workforce/competency-profiles
├ ƒ /api/v1/workforce/development-plans
├ ƒ /api/v1/workforce/induction
├ ƒ /api/v1/workforce/observations
├ ƒ /api/v1/workforce/qualifications
├ ƒ /api/v1/workforce/succession
├ ƒ /api/v1/young-people/[id]
├ ƒ /api/v1/young-people/[id]/chronology
├ ƒ /api/visitor-engagement-monitoring
├ ƒ /api/visitor-management-quality
├ ƒ /api/visitor-management-safety
├ ƒ /api/visitor-partnership-quality
├ ƒ /api/voice-of-child
├ ƒ /api/voice-of-child-intelligence
├ ƒ /api/water-safety-legionella
├ ƒ /api/whistleblowing
├ ƒ /api/whistleblowing-concerns
├ ƒ /api/workforce
├ ƒ /api/workforce-development
├ ƒ /api/young-person-employment-support
├ ○ /appointments
├ ○ /aria
├ ○ /aria-studio
├ ○ /aria-studio/audit
├ ○ /aria-studio/care-graph
├ ○ /aria-studio/child-voice
├ ○ /aria-studio/contradictions
├ ○ /aria-studio/decision-support
├ ○ /aria-studio/evidence
├ ○ /aria-studio/filing-cabinet
├ ○ /aria-studio/formulations
├ ○ /aria-studio/history
├ ○ /aria-studio/home-dynamics
├ ○ /aria-studio/learning-pathways
├ ○ /aria-studio/learning-studio
├ ○ /aria-studio/management-oversight
├ ○ /aria-studio/ofsted-readiness
├ ○ /aria-studio/outcome-loop
├ ○ /aria-studio/practice-intelligence
├ ○ /aria-studio/regulation-intelligence
├ ○ /aria-studio/role-versions
├ ○ /aria-studio/session-builder
├ ○ /aria-studio/therapeutic-profile
├ ○ /aria-studio/training-curriculum
├ ○ /aria/dashboard
├ ○ /aria/governance
├ ○ /aria/governance/approvals
├ ○ /aria/governance/audit
├ ○ /aria/governance/costs
├ ○ /aria/governance/providers
├ ○ /aria/governance/routing
├ ○ /aria/governance/safety
├ ○ /aria/reg45
├ ○ /aria/reports
├ ƒ /aria/reports/[reportId]
├ ○ /aria/reports/new
├ ○ /aria/review
├ ƒ /aria/review/[id]
├ ○ /assessment-of-need
├ ○ /attachment-profiles
├ ○ /audit-trail
├ ○ /audits
├ ƒ /audits/[id]
├ ○ /bedroom-personalisation
├ ○ /bedtime-routines
├ ○ /behaviour-log
├ ○ /behaviour-mapping
├ ○ /behaviour-support-plans
├ ○ /behaviour-trigger-patterns
├ ○ /bereavement-loss-support
├ ○ /birthday-card-tracker
├ ○ /board-reporting
├ ○ /body-map
├ ○ /building-asbestos-register
├ ○ /building-pest-control
├ ○ /building-window-restrictor-checks
├ ○ /buildings
├ ○ /bullying-incident-log
├ ○ /business-continuity
├ ○ /camhs-referral-tracker
├ ○ /care-events
├ ƒ /care-events/[id]
├ ○ /care-plans
├ ƒ /care-plans/[id]
├ ○ /case-file-audit
├ ○ /cctv-log
├ ○ /child-adhd-support-plan
├ ○ /child-allergies-epipen-plan
├ ○ /child-aspirations-tracker
├ ○ /child-asthma-action-plan
├ ○ /child-autism-support-plan
├ ○ /child-bank-account
├ ○ /child-bike-cycling-tracker
├ ○ /child-care-anniversary
├ ○ /child-charity-grants-applications
├ ○ /child-clothing-shopping-trips
├ ○ /child-continence-support-plan
├ ○ /child-cooking-baking-skills
├ ○ /child-correspondence-incoming
├ ○ /child-court-attendance-support
├ ○ /child-creative-projects
├ ○ /child-cultural-religious-mentor
├ ○ /child-daily-summaries
├ ○ /child-deaf-hearing-support
├ ○ /child-diabetic-care-plan
├ ○ /child-dyslexia-spld-plan
├ ○ /child-epilepsy-seizure-plan
├ ○ /child-extracurricular-clubs
├ ○ /child-feedback-loops
├ ○ /child-feedback-on-staff
├ ○ /child-friendly-policies
├ ○ /child-heritage-language-tracker
├ ○ /child-immigration-uasc-support
├ ○ /child-injuries-log
├ ○ /child-key-document-tracker
├ ○ /child-keyworker-1to1-sessions
├ ○ /child-laundry-self-care
├ ○ /child-led-meeting-record
├ ○ /child-mental-health-daily-check
├ ○ /child-mobile-phone-management
├ ○ /child-mobility-physical-disability-plan
├ ○ /child-money-management-budgeting
├ ○ /child-orthodontic-treatment
├ ○ /child-participation-log
├ ○ /child-photo-id-application-tracker
├ ○ /child-photography-portfolio
├ ○ /child-physio-ot-plan
├ ○ /child-police-contact-records
├ ○ /child-prevent-radicalisation-screening
├ ○ /child-priority
├ ○ /child-protection-conferences
├ ○ /child-religious-rite-milestones
├ ○ /child-rights-literacy-tracker
├ ○ /child-school-engagement-events
├ ○ /child-school-uniform-shoes-tracker
├ ○ /child-self-soothing-toolkit
├ ○ /child-skin-conditions
├ ○ /child-smoking-vaping-tracker
├ ○ /child-speech-language-therapy
├ ○ /child-style-identity-expression
├ ○ /child-summer-holiday-record
├ ○ /child-swimming-water-safety
├ ○ /child-trauma-therapy-log
├ ○ /child-tutoring-private-tuition
├ ○ /child-vision-care
├ ○ /child-volunteering-charity
├ ○ /child-work-experience-tracker
├ ○ /children-as-experts
├ ○ /children-missing-education
├ ○ /children-pledges
├ ƒ /children/[childId]/intelligence
├ ƒ /children/[childId]/reports
├ ƒ /children/[childId]/reports/new
├ ○ /children/progress
├ ○ /children/voice
├ ○ /childrens-guide
├ ○ /childrens-meetings
├ ○ /childrens-rights
├ ○ /chosen-family-tracker
├ ○ /cleaning-rota
├ ○ /clothing-allowances
├ ○ /commissioning-feedback
├ ○ /communication-book
├ ○ /communications
├ ○ /community-engagement-log
├ ○ /community-feedback
├ ○ /complaint-resolution-meetings
├ ○ /complaints
├ ○ /complaints-incident-correlation
├ ○ /complaints-outcomes
├ ○ /complaints-trend-analysis
├ ○ /compliance
├ ○ /compliance-rules
├ ○ /compliments
├ ○ /conflict-detection
├ ○ /consent-records
├ ○ /consequence-framework
├ ○ /contact-directory
├ ○ /contact-plans
├ ○ /contact-supervision
├ ○ /contextual-safeguarding
├ ○ /control-centre
├ ○ /correspondence
├ ○ /critical-incident-debrief
├ ○ /cultural-identity
├ ○ /daily-log
├ ○ /daily-risk-briefing
├ ○ /daily-routine-plans
├ ○ /dashboard
├ ○ /dashboard/aria
├ ○ /dashboard/aria-intelligence
├ ○ /dashboard/cross-home-intelligence
├ ○ /dashboard/document-analysis
├ ○ /dashboard/manager-control-centre
├ ○ /dashboard/my-day
├ ○ /dashboard/provider-oversight
├ ○ /dashboard/staff
├ ○ /dashboard/voice-intelligence
├ ○ /dashboards
├ ○ /dashboards/child-progress
├ ○ /dashboards/compliance
├ ○ /dashboards/manager
├ ○ /dashboards/productivity
├ ○ /dashboards/reg45
├ ○ /dashboards/ri
├ ○ /dashboards/risk-safeguarding
├ ○ /dashboards/workforce
├ ○ /data-breach-log
├ ○ /data-protection
├ ○ /debriefs
├ ○ /delegated-authority
├ ○ /dental-records
├ ○ /deprivation-of-liberty
├ ○ /device-policy
├ ○ /dietary-requirements
├ ○ /digital-literacy-skills
├ ○ /digital-wellbeing-plan
├ ○ /direct-work
├ ○ /discharge
├ ○ /disclosure-log
├ ○ /diversity-calendar
├ ○ /document-expiry-tracker
├ ○ /documents
├ ○ /documents/intelligence
├ ○ /driving-lessons-tracker
├ ○ /drug-and-alcohol-screening
├ ○ /duplicate-detection
├ ○ /duty-log
├ ○ /eating-support-plan
├ ○ /education
├ ○ /education-attendance-tracker
├ ○ /ehcp-tracker
├ ○ /emergency-contacts
├ ○ /emergency-evacuation-plan
├ ○ /emergency-medication-protocols
├ ○ /emergency-placements
├ ○ /emergency-planning
├ ○ /emergency-protocol-drills
├ ○ /emotional-vocabulary-coaching
├ ○ /end-of-shift-checklist
├ ○ /environmental-risk
├ ○ /equality-diversity
├ ○ /escalation-tracker
├ ○ /event-capture
├ ○ /event-intelligence
├ ○ /event-routing
├ ○ /event-stream
├ ○ /evidence-bank
├ ○ /expenses
├ ○ /exploitation-screening
├ ○ /external-visitor-log
├ ○ /family-contact
├ ○ /family-relationship-quality-tracker
├ ○ /family-time-supervision
├ ○ /family-tree-genogram
├ ○ /filing-cabinet
├ ○ /fire-drills
├ ○ /fire-risk-assessment
├ ○ /fire-safety-equipment-checks
├ ○ /first-aiders-roster
├ ○ /first-relationship-support
├ ○ /food-budget-tracker
├ ○ /food-hygiene
├ ○ /forms
├ ƒ /forms/[formId]
├ ○ /forms/builder
├ ○ /friendship-mapping
├ ○ /funeral-attendance-records
├ ○ /garden-cultivation-tracker
├ ○ /gas-electrical-safety-checks
├ ○ /gifts-register
├ ○ /governance-meeting-minutes
├ ○ /grab-bag
├ ○ /grief-and-loss-support
├ ○ /hairdressing-records
├ ○ /handover
├ ○ /handover-quality-audit
├ ○ /hate-incident-log
├ ○ /health
├ ○ /health-assessments
├ ○ /health-monitoring
├ ○ /health-passports
├ ○ /health-records
├ ○ /healthcare-plans
├ ○ /holiday-planning
├ ○ /home-improvement-plan
├ ○ /home-pets-care-log
├ ○ /homework-support-log
├ ○ /house-meetings
├ ○ /house-rules
├ ○ /household-tasks-rota
├ ○ /immunisation-record
├ ○ /impact-assessments
├ ○ /incident-trend-analysis
├ ○ /incidents
├ ƒ /incidents/[id]
├ ○ /incidents/learning-review
├ ○ /incidents/pi-debriefs
├ ○ /independence-pathway
├ ○ /independence-skills
├ ○ /independent-living-skills-assessment
├ ○ /independent-travel-training
├ ○ /independent-visitor
├ ○ /infection-control
├ ○ /inspection
├ ○ /inspection-readiness
├ ○ /inspection-readiness-pack
├ ○ /insurance-tracker
├ ○ /integration-hub
├ ○ /intelligence
├ ○ /intelligence/aria
├ ○ /intelligence/aria/annex-a-snapshot
├ ○ /intelligence/aria/audit
├ ○ /intelligence/aria/audit-trail
├ ○ /intelligence/aria/care-graph
├ ○ /intelligence/aria/compose
├ ○ /intelligence/aria/decision-support
├ ○ /intelligence/aria/early-warnings
├ ○ /intelligence/aria/home-dynamics
├ ○ /intelligence/aria/interactive
├ ○ /intelligence/aria/keywork
├ ƒ /intelligence/aria/keywork/[id]
├ ○ /intelligence/aria/livers
├ ○ /intelligence/aria/management-oversight
├ ○ /intelligence/aria/oversight
├ ○ /intelligence/aria/oversight-queue
├ ○ /intelligence/aria/oversight-radar
├ ○ /intelligence/aria/pattern-intelligence
├ ○ /intelligence/aria/recommendations
├ ○ /intelligence/aria/reflective
├ ○ /intelligence/aria/reg40-triage
├ ○ /intelligence/aria/reg45-evidence
├ ○ /intelligence/aria/reg45-report
├ ○ /intelligence/aria/resources
├ ○ /intelligence/aria/safeguarding
├ ○ /intelligence/aria/situation
├ ○ /intelligence/aria/studio
├ ƒ /intelligence/aria/studio/[id]
├ ○ /intelligence/aria/suggested-records
├ ○ /intelligence/aria/voice-of-child
├ ○ /intelligence/care-events/amendment-review
├ ○ /intelligence/care-events/export-risk
├ ○ /intelligence/care-events/exports
├ ○ /intelligence/care-events/filing-cabinet
├ ○ /intelligence/care-events/inspection-bundle
├ ƒ /intelligence/care-events/inspection-bundle/[id]
├ ○ /intelligence/care-events/inspection-bundle/diff
├ ○ /intelligence/care-events/inspection-bundle/trajectory
├ ○ /intelligence/care-events/inspection-readiness
├ ○ /intelligence/care-events/inspection-snapshot
├ ○ /intelligence/care-events/job-queue
├ ○ /intelligence/care-events/manager-verify-queue
├ ○ /intelligence/care-events/notifications
├ ○ /intelligence/care-events/oversight-inbox
├ ○ /intelligence/care-events/patterns
├ ○ /intelligence/care-events/reg44-pack
├ ○ /intelligence/care-events/returned-records
├ ○ /intelligence/care-events/saved-time
├ ○ /intelligence/chronology
├ ○ /intelligence/document-wizard
├ ○ /intelligence/hr/inspection-mode
├ ○ /intelligence/hr/investigation-builder
├ ○ /intelligence/hr/letters
├ ○ /intelligence/hr/probation-pathway
├ ○ /intelligence/hr/process-guardian
├ ○ /intelligence/hr/risk-command-centre
├ ○ /intelligence/hr/safeguarding-lado
├ ○ /intelligence/hr/safer-recruitment
├ ○ /intelligence/hr/suspension-decision
├ ○ /intelligence/practice-bank
├ ○ /intelligence/ri/escalations
├ ○ /intelligence/routing-health
├ ○ /intelligence/weekly-overview
├ ○ /interventions
├ ○ /inventory
├ ○ /iro-correspondence
├ ○ /key-dates
├ ○ /key-work
├ ○ /key-working
├ ○ /keyholding-register
├ ○ /kitchen-hygiene-monitoring
├ ○ /kpi-dashboard
├ ○ /lac-review-prep
├ ○ /lac-reviews
├ ○ /lado-referrals
├ ○ /language-communication
├ ○ /learning
├ ○ /learning/curriculum
├ ○ /learning/flashcards
├ ○ /learning/guidance
├ ○ /learning/knowledge-gaps
├ ○ /learning/library
├ ○ /learning/quizzes
├ ○ /learning/resources
├ ○ /learning/training-needs
├ ○ /learning/workshops
├ ○ /leave
├ ○ /leaving-care-financial-package
├ ○ /lessons-learned-register
├ ○ /lgbtq-inclusion-record
├ ○ /life-story
├ ○ /local-offer
├ ○ /locality-risk
├ ○ /location-assessment
├ ○ /lone-working
├ ○ /lone-working-risk-assessment
├ ○ /maintenance
├ ○ /maintenance-schedule
├ ○ /management-oversight
├ ○ /management-walkround
├ ○ /management/aria
├ ○ /manager-inbox
├ ○ /mandatory-training-matrix
├ ○ /mar-sheet
├ ○ /matching-referrals
├ ○ /media-publicity-consent
├ ○ /medication
├ ○ /medication-audit
├ ○ /medication-error-investigation
├ ○ /medication-error-trends
├ ○ /medication-errors
├ ○ /medication-near-miss-log
├ ○ /medication-stock-check
├ ○ /medication-storage-audit
├ ○ /medication-training
├ ○ /medications
├ ○ /memorial-occasion-records
├ ○ /menstrual-health-tracker
├ ○ /menu-planning
├ ○ /missing-from-care
├ ○ /missing-return-interviews
├ ○ /multi-agency-meetings
├ ○ /multi-disciplinary-formulation
├ ○ /museum-cultural-visits-tracker
├ ○ /night-checks
├ ○ /night-log
├ ○ /night-staff-guidance
├ ○ /night-staff-handover
├ ○ /night-time-anxiety-support
├ ○ /notifiable-events
├ ○ /notification-log
├ ○ /notifications
├ ○ /occupational-therapy-records
├ ○ /ofsted-action-plan
├ ○ /ofsted-engagement-log
├ ○ /ofsted-self-evaluation
├ ○ /on-call-rota
├ ○ /online-gaming-tracker
├ ○ /online-safety
├ ○ /operational-meetings
├ ○ /operations
├ ○ /opticians-records
├ ○ /outcome-star
├ ○ /outcomes
├ ○ /outcomes-dashboard
├ ○ /outdoor-activity-risk-assessments
├ ○ /parent-partnership
├ ○ /parental-responsibility-record
├ ○ /pathway-plan-16plus
├ ○ /patterns
├ ○ /peer-relationships
├ ○ /pep-tracker
├ ○ /personal-belongings
├ ○ /personal-passport
├ ○ /petty-cash
├ ○ /photo-album-tracker
├ ○ /photo-consent
├ ○ /physical-activity-tracker
├ ○ /placement-anniversaries
├ ○ /placement-breakdown-forecast
├ ○ /placement-budget-tracker
├ ○ /placement-cohort-analysis
├ ○ /placement-disruption-prevention-plan
├ ○ /placement-end-summary
├ ○ /placement-impact-assessment
├ ○ /placement-meeting-minutes
├ ○ /placement-plan
├ ○ /placement-stability
├ ○ /placement-stability-meetings
├ ○ /placement-success-factors
├ ○ /pocket-money
├ ○ /pocket-money-accounts
├ ○ /policies
├ ○ /policy-impact-analysis
├ ○ /policy-review-tracker
├ ○ /positive-achievements
├ ○ /positive-handling
├ ○ /post-incident-debrief-with-child
├ ○ /pre-admission-checklist
├ ○ /prevent-duty
├ ○ /professional-consultations
├ ○ /professional-contact
├ ○ /professional-curiosity-log
├ ○ /professional-development
├ ○ /professional-fees-log
├ ○ /professional-meeting-attendance
├ ○ /professional-network-map
├ ○ /property-damage
├ ○ /qa-audit
├ ○ /quality-of-care
├ ○ /quality-review-cycle
├ ○ /quality/ofsted-evidence-room
├ ○ /quality/reg-44
├ ○ /quality/reg-45
├ ○ /record-home
├ ƒ /record-staff/[staffId]
├ ƒ /record/[childId]
├ ○ /recording-quality
├ ○ /recording-quality-trend
├ ○ /recruitment
├ ○ /recruitment/candidates
├ ƒ /recruitment/candidates/[candidateId]
├ ○ /recruitment/safer-recruitment/audit
├ ○ /recruitment/safer-recruitment/checks
├ ○ /recruitment/safer-recruitment/dbs
├ ○ /recruitment/safer-recruitment/interviews
├ ○ /recruitment/safer-recruitment/offers
├ ○ /recruitment/safer-recruitment/references
├ ○ /recruitment/safer-recruitment/right-to-work
├ ○ /recruitment/templates
├ ƒ /recruitment/vacancies/[vacancyId]
├ ○ /referral-tracker
├ ○ /reg22-records
├ ○ /reg35-notifications
├ ○ /reg40-staffing-plan
├ ○ /reg44-actions
├ ○ /reg44-visitor-reports
├ ○ /registration-changes-log
├ ○ /regulation-40
├ ○ /regulation-44
├ ○ /regulation-45
├ ○ /regulatory-correspondence-tracker
├ ○ /relational
├ ○ /religious-festival-celebrations
├ ○ /religious-observance-log
├ ○ /reports
├ ○ /restraint-log
├ ○ /restrictions-log
├ ○ /reviews
├ ○ /ri
├ ○ /ri/alerts
├ ○ /ri/challenge-log
├ ○ /ri/governance
├ ○ /ri/ofsted
├ ○ /ri/reg44
├ ○ /ri/reg45
├ ○ /ri/scorecard
├ ○ /risk-appetite-statement
├ ○ /risk-assessments
├ ○ /risk-management-board
├ ○ /risk-management-plans
├ ○ /risk-register
├ ○ /room-allocation-rationale
├ ○ /room-searches
├ ○ /rota
├ ○ /rse-tracker
├ ○ /safe-touch-protocol
├ ○ /safeguarding
├ ○ /safeguarding-supervision
├ ƒ /safeguarding/[id]
├ ○ /safer-recruitment-tracker
├ ○ /sanctions-rewards
├ ○ /saved-time
├ ○ /secure-storage
├ ○ /self-harm-safety-plan
├ ○ /sensory-equipment-inventory
├ ○ /sensory-profiles
├ ○ /sensory-room-usage
├ ○ /serious-incident-reviews
├ ○ /service-improvement-board
├ ○ /service-user-agreements
├ ○ /settings
├ ○ /shift-mode
├ ○ /shift-notes
├ ○ /siblings-contact-protocol
├ ○ /significant-events
├ ○ /sleep-assessments
├ ○ /sleep-in-log
├ ○ /sleep-log
├ ○ /social-worker-contact
├ ○ /staff
├ ○ /staff-child-continuity
├ ○ /staff-communication-preferences
├ ○ /staff-competency
├ ○ /staff-debrief-log
├ ○ /staff-development
├ ○ /staff-disciplinary
├ ○ /staff-exit-interviews
├ ○ /staff-grievances
├ ○ /staff-handbook
├ ○ /staff-handbook-acknowledgements
├ ○ /staff-induction
├ ○ /staff-meetings
├ ○ /staff-recognition-log
├ ○ /staff-recording-practice
├ ○ /staff-reflections
├ ○ /staff-safer-caring
├ ○ /staff-shadowing-log
├ ○ /staff-sickness
├ ○ /staff-supervision-themes
├ ○ /staff-wellbeing
├ ƒ /staff/[id]
├ ○ /staff/competence-passport
├ ○ /stakeholder-feedback
├ ○ /statement-of-purpose
├ ○ /statutory-checks-summary
├ ○ /statutory-visit-log
├ ○ /subject-access-requests
├ ○ /supervision
├ ○ /supervision-matrix
├ ○ /supervision-tracker
├ ƒ /supervision/[id]
├ ○ /supervisions
├ ○ /tasks
├ ƒ /tasks/[taskId]
├ ○ /therapeutic-care-model
├ ○ /therapeutic-input
├ ○ /therapeutic-outcome-measures
├ ○ /timesheets
├ ƒ /timesheets/[staffId]
├ ○ /training
├ ○ /trans-affirming-care-plan
├ ○ /transition-planning
├ ○ /transport-log
├ ○ /transport-risk-assessments
├ ○ /trauma-informed-timeline
├ ○ /unannounced-visits-log
├ ○ /utility-bills-tracker
├ ○ /utility-monitoring
├ ○ /vehicle-pre-use-check
├ ○ /vehicles
├ ○ /visitor-log
├ ○ /visitors-feedback
├ ○ /voice
├ ○ /voter-registration-civic
├ ○ /wake-up-routines
├ ○ /warm-welcome-packs
├ ○ /water-hygiene
├ ○ /welcome-tour-checklist
├ ○ /welfare-check-protocol-per-child
├ ○ /welfare-checks
├ ○ /wellbeing-pulse-survey
├ ○ /whistleblowing
├ ○ /whistleblowing-investigations
├ ○ /workflow-orchestration
├ ○ /workforce
├ ○ /workforce/appraisals
├ ○ /workforce/aria-planner
├ ○ /workforce/competency
├ ○ /workforce/evidence
├ ○ /workforce/induction
├ ○ /workforce/leadership
├ ○ /workforce/observations
├ ○ /workforce/pathway
├ ○ /workforce/qualifications
├ ○ /workforce/staff
├ ƒ /workforce/staff/[id]
├ ○ /workforce/succession
├ ○ /workforce/supervision
├ ○ /workforce/training-matrix
├ ○ /young-carer-status
├ ○ /young-people
├ ƒ /young-people/[id]
├ ƒ /young-people/[id]/chronology
├ ƒ /young-people/[id]/story
├ ○ /young-person-job-tracker
├ ○ /yp-feedback
└ ○ /yp-savings


○  (Static)   prerendered as static content
ƒ  (Dynamic)  server-rendered on demand

